<?xml version="1.0" encoding="UTF-8"?>
<!-- Generated by org.testng.reporters.JUnitReportReporter -->
<testsuite hostname="LAPTOP-CKQ833KQ" failures="0" tests="4" name="MavenTest1" time="0.003" errors="0" timestamp="2024-06-19T07:33:44 IST" skipped="0">
  <testcase classname="MavenTest1" name="Method2" time="0.000"/>
  <system-out/>
  <testcase classname="MavenTest1" name="Method1" time="0.003"/>
  <system-out/>
  <testcase classname="MavenTest1" name="Method3" time="0.000"/>
  <system-out/>
  <testcase classname="MavenTest1" name="Method4" time="0.000"/>
  <system-out/>
</testsuite> <!-- MavenTest1 -->
